::1 - - [18/Dec/2018:18:54:48 +0800] "GET / HTTP/1.1" 304 0
::1 - - [19/Dec/2018:12:43:14 +0800] "GET / HTTP/1.1" 200 50
::1 - - [19/Dec/2018:12:43:18 +0800] "GET /blog HTTP/1.1" 301 65
::1 - - [19/Dec/2018:12:43:18 +0800] "GET /blog/ HTTP/1.1" 404 38
::1 - - [19/Dec/2018:12:43:24 +0800] "GET /blog/test1.php HTTP/1.1" 502 40
::1 - - [19/Dec/2018:12:43:33 +0800] "GET /blog/test2.php HTTP/1.1" 502 40
::1 - - [19/Dec/2018:12:43:39 +0800] "GET /blog/test1.php HTTP/1.1" 502 40
::1 - - [19/Dec/2018:12:44:24 +0800] "GET /blog/test1.php HTTP/1.1" 502 40
::1 - - [19/Dec/2018:12:44:31 +0800] "GET /blog/test2.php HTTP/1.1" 502 40
::1 - - [19/Dec/2018:12:44:41 +0800] "GET /blog/test2.php HTTP/1.1" 502 40
::1 - - [19/Dec/2018:12:46:20 +0800] "GET /test2.php HTTP/1.1" 502 40
::1 - - [19/Dec/2018:12:46:23 +0800] "GET /test2.php HTTP/1.1" 502 40
::1 - - [19/Dec/2018:12:54:24 +0800] "GET /test2.php HTTP/1.1" 200 25604
::1 - - [19/Dec/2018:12:54:37 +0800] "GET /test2.php HTTP/1.1" 502 40
::1 - - [19/Dec/2018:12:58:54 +0800] "GET /test2.php HTTP/1.1" 502 40
::1 - - [19/Dec/2018:12:58:57 +0800] "GET /test2.php HTTP/1.1" 502 40
::1 - - [19/Dec/2018:13:06:35 +0800] "GET /test2.php HTTP/1.1" 200 24695
::1 - - [19/Dec/2018:13:09:02 +0800] "GET /test2.php HTTP/1.1" 200 24703
::1 - - [19/Dec/2018:13:09:05 +0800] "GET /test2.php HTTP/1.1" 200 24702
::1 - - [19/Dec/2018:13:12:35 +0800] "GET /test2.php HTTP/1.1" 200 24684
::1 - - [19/Dec/2018:13:12:44 +0800] "GET /test2.php HTTP/1.1" 502 40
::1 - - [19/Dec/2018:13:15:53 +0800] "GET /test2.php HTTP/1.1" 200 24706
::1 - - [19/Dec/2018:18:13:33 +0800] "GET / HTTP/1.1" 200 24689
::1 - - [19/Dec/2018:18:13:35 +0800] "GET /favicon.ico HTTP/1.1" 404 14
::1 - - [19/Dec/2018:18:13:38 +0800] "GET /index.html HTTP/1.1" 301 60
::1 - - [19/Dec/2018:18:13:39 +0800] "GET / HTTP/1.1" 200 24692
::1 - - [19/Dec/2018:18:15:43 +0800] "GET / HTTP/1.1" 200 24718
::1 - - [19/Dec/2018:18:15:45 +0800] "GET / HTTP/1.1" 200 24715
::1 - - [19/Dec/2018:18:17:06 +0800] "GET / HTTP/1.1" 200 584
::1 - - [19/Dec/2018:18:17:06 +0800] "GET /layui/css/layui.css HTTP/1.1" 200 12573
::1 - - [19/Dec/2018:18:17:06 +0800] "GET /layui/layui.all.js HTTP/1.1" 200 86503
::1 - - [19/Dec/2018:18:17:06 +0800] "GET /layui/css/modules/laydate/default/laydate.css?v=5.0.9 HTTP/1.1" 200 1740
::1 - - [19/Dec/2018:18:17:06 +0800] "GET /layui/css/modules/layer/default/layer.css?v=3.1.1 HTTP/1.1" 200 2877
::1 - - [19/Dec/2018:18:17:06 +0800] "GET /layui/css/modules/code.css HTTP/1.1" 200 463
::1 - - [19/Dec/2018:18:17:37 +0800] "GET /index.php HTTP/1.1" 200 46
::1 - - [19/Dec/2018:18:18:58 +0800] "GET /backend HTTP/1.1" 404 38
::1 - - [19/Dec/2018:18:20:02 +0800] "GET /backend HTTP/1.1" 301 68
::1 - - [19/Dec/2018:18:20:02 +0800] "GET /backend/ HTTP/1.1" 200 24717
::1 - - [19/Dec/2018:18:23:59 +0800] "GET /backend/ HTTP/1.1" 200 24723
::1 - - [19/Dec/2018:18:24:03 +0800] "GET / HTTP/1.1" 304 0
::1 - - [19/Dec/2018:18:24:03 +0800] "GET /layui/layui.all.js HTTP/1.1" 304 0
::1 - - [19/Dec/2018:18:24:03 +0800] "GET /layui/css/layui.css HTTP/1.1" 304 0
::1 - - [19/Dec/2018:18:24:04 +0800] "GET /layui/css/modules/laydate/default/laydate.css?v=5.0.9 HTTP/1.1" 304 0
::1 - - [19/Dec/2018:18:24:04 +0800] "GET /layui/css/modules/layer/default/layer.css?v=3.1.1 HTTP/1.1" 304 0
::1 - - [19/Dec/2018:18:24:04 +0800] "GET /layui/css/modules/code.css HTTP/1.1" 304 0
::1 - - [19/Dec/2018:18:28:52 +0800] "GET /a.html HTTP/1.1" 404 263
::1 - - [19/Dec/2018:18:30:04 +0800] "GET /a.html HTTP/1.1" 404 263
::1 - - [19/Dec/2018:18:30:23 +0800] "GET /a.html HTTP/1.1" 404 263
::1 - - [19/Dec/2018:18:30:35 +0800] "GET /a.html HTTP/1.1" 404 263
::1 - - [19/Dec/2018:18:31:44 +0800] "GET /b.html HTTP/1.1" 404 263
::1 - - [19/Dec/2018:18:32:41 +0800] "GET /b.html HTTP/1.1" 404 263
::1 - - [19/Dec/2018:18:34:17 +0800] "GET /debug/vars HTTP/1.1" 404 263
::1 - - [19/Dec/2018:18:35:28 +0800] "GET /debug/vars HTTP/1.1" 200 774
::1 - - [19/Dec/2018:18:36:33 +0800] "GET / HTTP/1.1" 304 0
::1 - - [19/Dec/2018:18:36:33 +0800] "GET /layui/css/layui.css HTTP/1.1" 304 0
::1 - - [19/Dec/2018:18:36:33 +0800] "GET /layui/layui.all.js HTTP/1.1" 304 0
::1 - - [19/Dec/2018:18:36:33 +0800] "GET /layui/css/modules/laydate/default/laydate.css?v=5.0.9 HTTP/1.1" 304 0
::1 - - [19/Dec/2018:18:36:33 +0800] "GET /layui/css/modules/layer/default/layer.css?v=3.1.1 HTTP/1.1" 304 0
::1 - - [19/Dec/2018:18:36:33 +0800] "GET /layui/css/modules/code.css HTTP/1.1" 304 0
::1 - - [19/Dec/2018:18:36:57 +0800] "GET /a HTTP/1.1" 200 211
::1 - - [19/Dec/2018:18:37:38 +0800] "GET /b HTTP/1.1" 200 44
::1 - - [19/Dec/2018:18:42:51 +0800] "GET / HTTP/1.1" 304 0
::1 - - [19/Dec/2018:18:42:51 +0800] "GET /layui/css/layui.css HTTP/1.1" 304 0
::1 - - [19/Dec/2018:18:42:51 +0800] "GET /layui/layui.all.js HTTP/1.1" 304 0
::1 - - [19/Dec/2018:18:42:51 +0800] "GET /layui/css/modules/laydate/default/laydate.css?v=5.0.9 HTTP/1.1" 304 0
::1 - - [19/Dec/2018:18:42:51 +0800] "GET /layui/css/modules/layer/default/layer.css?v=3.1.1 HTTP/1.1" 304 0
::1 - - [19/Dec/2018:18:42:51 +0800] "GET /layui/css/modules/code.css HTTP/1.1" 304 0
::1 - - [20/Dec/2018:16:13:22 +0800] "GET / HTTP/1.1" 200 584
::1 - - [20/Dec/2018:16:13:23 +0800] "GET /layui/css/layui.css HTTP/1.1" 200 12573
::1 - - [20/Dec/2018:16:13:23 +0800] "GET /layui/layui.all.js HTTP/1.1" 200 86503
::1 - - [20/Dec/2018:16:13:24 +0800] "GET /layui/css/modules/laydate/default/laydate.css?v=5.0.9 HTTP/1.1" 200 1740
::1 - - [20/Dec/2018:16:13:24 +0800] "GET /layui/css/modules/layer/default/layer.css?v=3.1.1 HTTP/1.1" 200 2877
::1 - - [20/Dec/2018:16:13:24 +0800] "GET /layui/css/modules/code.css HTTP/1.1" 200 463
::1 - - [20/Dec/2018:16:13:24 +0800] "GET /favicon.ico HTTP/1.1" 404 308
::1 - - [20/Dec/2018:16:15:36 +0800] "GET / HTTP/1.1" 304 0
::1 - - [20/Dec/2018:16:16:07 +0800] "GET / HTTP/1.1" 200 584
::1 - - [20/Dec/2018:16:16:07 +0800] "GET /layui/css/layui.css HTTP/1.1" 200 12573
::1 - - [20/Dec/2018:16:16:07 +0800] "GET /layui/layui.all.js HTTP/1.1" 200 86503
::1 - - [20/Dec/2018:16:16:07 +0800] "GET /layui/css/modules/laydate/default/laydate.css?v=5.0.9 HTTP/1.1" 200 1740
::1 - - [20/Dec/2018:16:16:07 +0800] "GET /layui/css/modules/layer/default/layer.css?v=3.1.1 HTTP/1.1" 200 2877
::1 - - [20/Dec/2018:16:16:07 +0800] "GET /layui/css/modules/code.css HTTP/1.1" 200 463
::1 - - [20/Dec/2018:16:16:17 +0800] "GET / HTTP/1.1" 200 592
::1 - - [20/Dec/2018:16:16:17 +0800] "GET /layui/css/layui.css HTTP/1.1" 200 12573
::1 - - [20/Dec/2018:16:16:17 +0800] "GET /layui/layui.all.js HTTP/1.1" 200 86503
::1 - - [20/Dec/2018:16:16:17 +0800] "GET /layui/css/modules/laydate/default/laydate.css?v=5.0.9 HTTP/1.1" 200 1740
::1 - - [20/Dec/2018:16:16:17 +0800] "GET /layui/css/modules/layer/default/layer.css?v=3.1.1 HTTP/1.1" 200 2877
::1 - - [20/Dec/2018:16:16:17 +0800] "GET /layui/css/modules/code.css HTTP/1.1" 200 463
::1 - - [20/Dec/2018:16:20:08 +0800] "GET / HTTP/1.1" 200 627
::1 - - [20/Dec/2018:16:20:08 +0800] "GET /public/style/index.css HTTP/1.1" 200 77
::1 - - [20/Dec/2018:16:20:08 +0800] "GET /public/layui/css/layui.css HTTP/1.1" 200 12573
::1 - - [20/Dec/2018:16:20:08 +0800] "GET /public/layui/layui.all.js HTTP/1.1" 200 86503
::1 - - [20/Dec/2018:16:20:09 +0800] "GET /public/layui/css/modules/laydate/default/laydate.css?v=5.0.9 HTTP/1.1" 200 1740
::1 - - [20/Dec/2018:16:20:09 +0800] "GET /public/layui/css/modules/layer/default/layer.css?v=3.1.1 HTTP/1.1" 200 2877
::1 - - [20/Dec/2018:16:20:09 +0800] "GET /public/layui/css/modules/code.css HTTP/1.1" 200 463
::1 - - [20/Dec/2018:16:20:26 +0800] "GET / HTTP/1.1" 200 627
::1 - - [20/Dec/2018:16:20:26 +0800] "GET /public/style/index.css HTTP/1.1" 200 89
::1 - - [20/Dec/2018:16:20:26 +0800] "GET /public/layui/css/layui.css HTTP/1.1" 200 12573
::1 - - [20/Dec/2018:16:20:26 +0800] "GET /public/layui/layui.all.js HTTP/1.1" 200 86503
::1 - - [20/Dec/2018:16:20:26 +0800] "GET /public/layui/css/modules/laydate/default/laydate.css?v=5.0.9 HTTP/1.1" 200 1740
::1 - - [20/Dec/2018:16:20:26 +0800] "GET /public/layui/css/modules/layer/default/layer.css?v=3.1.1 HTTP/1.1" 200 2877
::1 - - [20/Dec/2018:16:20:26 +0800] "GET /public/layui/css/modules/code.css HTTP/1.1" 200 463
::1 - - [20/Dec/2018:16:23:12 +0800] "GET / HTTP/1.1" 200 633
::1 - - [20/Dec/2018:16:23:12 +0800] "GET /public/style/index.css HTTP/1.1" 200 89
::1 - - [20/Dec/2018:16:23:12 +0800] "GET /public/layui/css/layui.css HTTP/1.1" 200 12573
::1 - - [20/Dec/2018:16:23:12 +0800] "GET /public/layui/layui.all.js HTTP/1.1" 200 86503
::1 - - [20/Dec/2018:16:23:13 +0800] "GET /public/layui/css/modules/laydate/default/laydate.css?v=5.0.9 HTTP/1.1" 200 1740
::1 - - [20/Dec/2018:16:23:13 +0800] "GET /public/layui/css/modules/layer/default/layer.css?v=3.1.1 HTTP/1.1" 200 2877
::1 - - [20/Dec/2018:16:23:13 +0800] "GET /public/layui/css/modules/code.css HTTP/1.1" 200 463
::1 - - [20/Dec/2018:16:23:28 +0800] "GET / HTTP/1.1" 200 633
::1 - - [20/Dec/2018:16:23:28 +0800] "GET /public/style/index.css HTTP/1.1" 200 89
::1 - - [20/Dec/2018:16:23:28 +0800] "GET /public/layui/css/layui.css HTTP/1.1" 200 12573
::1 - - [20/Dec/2018:16:23:28 +0800] "GET /public/layui/layui.all.js HTTP/1.1" 200 86503
::1 - - [20/Dec/2018:16:23:28 +0800] "GET /public/layui/css/modules/laydate/default/laydate.css?v=5.0.9 HTTP/1.1" 200 1740
::1 - - [20/Dec/2018:16:23:28 +0800] "GET /public/layui/css/modules/layer/default/layer.css?v=3.1.1 HTTP/1.1" 200 2877
::1 - - [20/Dec/2018:16:23:28 +0800] "GET /public/layui/css/modules/code.css HTTP/1.1" 200 463
::1 - - [20/Dec/2018:16:23:32 +0800] "GET / HTTP/1.1" 200 633
::1 - - [20/Dec/2018:16:23:32 +0800] "GET /public/style/index.css HTTP/1.1" 200 104
::1 - - [20/Dec/2018:16:23:32 +0800] "GET /public/layui/css/layui.css HTTP/1.1" 200 12573
::1 - - [20/Dec/2018:16:23:32 +0800] "GET /public/layui/layui.all.js HTTP/1.1" 200 86503
::1 - - [20/Dec/2018:16:23:32 +0800] "GET /public/layui/css/modules/laydate/default/laydate.css?v=5.0.9 HTTP/1.1" 200 1740
::1 - - [20/Dec/2018:16:23:32 +0800] "GET /public/layui/css/modules/layer/default/layer.css?v=3.1.1 HTTP/1.1" 200 2877
::1 - - [20/Dec/2018:16:23:32 +0800] "GET /public/layui/css/modules/code.css HTTP/1.1" 200 463
::1 - - [20/Dec/2018:16:24:41 +0800] "GET / HTTP/1.1" 200 646
::1 - - [20/Dec/2018:16:24:41 +0800] "GET /public/style/index.css HTTP/1.1" 200 118
::1 - - [20/Dec/2018:16:24:41 +0800] "GET /public/layui/css/layui.css HTTP/1.1" 200 12573
::1 - - [20/Dec/2018:16:24:41 +0800] "GET /public/layui/layui.all.js HTTP/1.1" 200 86503
::1 - - [20/Dec/2018:16:24:42 +0800] "GET /public/layui/css/modules/laydate/default/laydate.css?v=5.0.9 HTTP/1.1" 200 1740
::1 - - [20/Dec/2018:16:24:42 +0800] "GET /public/layui/css/modules/layer/default/layer.css?v=3.1.1 HTTP/1.1" 200 2877
::1 - - [20/Dec/2018:16:24:42 +0800] "GET /public/layui/css/modules/code.css HTTP/1.1" 200 463
::1 - - [20/Dec/2018:16:25:09 +0800] "GET / HTTP/1.1" 200 646
::1 - - [20/Dec/2018:16:25:09 +0800] "GET /public/style/index.css HTTP/1.1" 200 118
::1 - - [20/Dec/2018:16:25:09 +0800] "GET /public/layui/css/layui.css HTTP/1.1" 200 12573
::1 - - [20/Dec/2018:16:25:09 +0800] "GET /public/layui/layui.all.js HTTP/1.1" 200 86503
::1 - - [20/Dec/2018:16:25:09 +0800] "GET /public/layui/css/modules/laydate/default/laydate.css?v=5.0.9 HTTP/1.1" 200 1740
::1 - - [20/Dec/2018:16:25:09 +0800] "GET /public/layui/css/modules/layer/default/layer.css?v=3.1.1 HTTP/1.1" 200 2877
::1 - - [20/Dec/2018:16:25:09 +0800] "GET /public/layui/css/modules/code.css HTTP/1.1" 200 463
::1 - - [20/Dec/2018:16:25:40 +0800] "GET / HTTP/1.1" 200 646
::1 - - [20/Dec/2018:16:25:40 +0800] "GET /public/style/index.css HTTP/1.1" 200 118
::1 - - [20/Dec/2018:16:25:40 +0800] "GET /public/layui/css/layui.css HTTP/1.1" 200 12573
::1 - - [20/Dec/2018:16:25:40 +0800] "GET /public/layui/layui.all.js HTTP/1.1" 200 86503
::1 - - [20/Dec/2018:16:25:40 +0800] "GET /public/layui/css/modules/laydate/default/laydate.css?v=5.0.9 HTTP/1.1" 200 1740
::1 - - [20/Dec/2018:16:25:40 +0800] "GET /public/layui/css/modules/layer/default/layer.css?v=3.1.1 HTTP/1.1" 200 2877
::1 - - [20/Dec/2018:16:25:40 +0800] "GET /public/layui/css/modules/code.css HTTP/1.1" 200 463
::1 - - [20/Dec/2018:16:25:44 +0800] "GET / HTTP/1.1" 200 646
::1 - - [20/Dec/2018:16:25:44 +0800] "GET /public/style/index.css HTTP/1.1" 200 116
::1 - - [20/Dec/2018:16:25:44 +0800] "GET /public/layui/css/layui.css HTTP/1.1" 200 12573
::1 - - [20/Dec/2018:16:25:44 +0800] "GET /public/layui/layui.all.js HTTP/1.1" 200 86503
::1 - - [20/Dec/2018:16:25:44 +0800] "GET /public/layui/css/modules/laydate/default/laydate.css?v=5.0.9 HTTP/1.1" 200 1740
::1 - - [20/Dec/2018:16:25:44 +0800] "GET /public/layui/css/modules/layer/default/layer.css?v=3.1.1 HTTP/1.1" 200 2877
::1 - - [20/Dec/2018:16:25:44 +0800] "GET /public/layui/css/modules/code.css HTTP/1.1" 200 463
::1 - - [20/Dec/2018:16:26:24 +0800] "GET / HTTP/1.1" 200 646
::1 - - [20/Dec/2018:16:26:24 +0800] "GET /public/style/index.css HTTP/1.1" 200 142
::1 - - [20/Dec/2018:16:26:24 +0800] "GET /public/layui/css/layui.css HTTP/1.1" 200 12573
::1 - - [20/Dec/2018:16:26:24 +0800] "GET /public/layui/layui.all.js HTTP/1.1" 200 86503
::1 - - [20/Dec/2018:16:26:24 +0800] "GET /public/layui/css/modules/laydate/default/laydate.css?v=5.0.9 HTTP/1.1" 200 1740
::1 - - [20/Dec/2018:16:26:24 +0800] "GET /public/layui/css/modules/layer/default/layer.css?v=3.1.1 HTTP/1.1" 200 2877
::1 - - [20/Dec/2018:16:26:24 +0800] "GET /public/layui/css/modules/code.css HTTP/1.1" 200 463
::1 - - [20/Dec/2018:16:27:01 +0800] "GET / HTTP/1.1" 200 646
::1 - - [20/Dec/2018:16:27:01 +0800] "GET /public/style/index.css HTTP/1.1" 200 153
::1 - - [20/Dec/2018:16:27:01 +0800] "GET /public/layui/css/layui.css HTTP/1.1" 200 12573
::1 - - [20/Dec/2018:16:27:01 +0800] "GET /public/layui/layui.all.js HTTP/1.1" 200 86503
::1 - - [20/Dec/2018:16:27:02 +0800] "GET /public/layui/css/modules/laydate/default/laydate.css?v=5.0.9 HTTP/1.1" 200 1740
::1 - - [20/Dec/2018:16:27:02 +0800] "GET /public/layui/css/modules/layer/default/layer.css?v=3.1.1 HTTP/1.1" 200 2877
::1 - - [20/Dec/2018:16:27:02 +0800] "GET /public/layui/css/modules/code.css HTTP/1.1" 200 463
::1 - - [20/Dec/2018:16:27:27 +0800] "GET / HTTP/1.1" 200 646
::1 - - [20/Dec/2018:16:27:27 +0800] "GET /public/style/index.css HTTP/1.1" 200 161
::1 - - [20/Dec/2018:16:27:27 +0800] "GET /public/layui/css/layui.css HTTP/1.1" 200 12573
::1 - - [20/Dec/2018:16:27:27 +0800] "GET /public/layui/layui.all.js HTTP/1.1" 200 86503
::1 - - [20/Dec/2018:16:27:27 +0800] "GET /public/layui/css/modules/laydate/default/laydate.css?v=5.0.9 HTTP/1.1" 200 1740
::1 - - [20/Dec/2018:16:27:27 +0800] "GET /public/layui/css/modules/layer/default/layer.css?v=3.1.1 HTTP/1.1" 200 2877
::1 - - [20/Dec/2018:16:27:27 +0800] "GET /public/layui/css/modules/code.css HTTP/1.1" 200 463
::1 - - [20/Dec/2018:16:27:47 +0800] "GET / HTTP/1.1" 200 646
::1 - - [20/Dec/2018:16:27:47 +0800] "GET /public/style/index.css HTTP/1.1" 200 164
::1 - - [20/Dec/2018:16:27:47 +0800] "GET /public/layui/css/layui.css HTTP/1.1" 200 12573
::1 - - [20/Dec/2018:16:27:47 +0800] "GET /public/layui/layui.all.js HTTP/1.1" 200 86503
::1 - - [20/Dec/2018:16:27:47 +0800] "GET /public/layui/css/modules/laydate/default/laydate.css?v=5.0.9 HTTP/1.1" 200 1740
::1 - - [20/Dec/2018:16:27:47 +0800] "GET /public/layui/css/modules/layer/default/layer.css?v=3.1.1 HTTP/1.1" 200 2877
::1 - - [20/Dec/2018:16:27:47 +0800] "GET /public/layui/css/modules/code.css HTTP/1.1" 200 463
::1 - - [20/Dec/2018:16:28:09 +0800] "GET / HTTP/1.1" 200 646
::1 - - [20/Dec/2018:16:28:10 +0800] "GET /public/style/index.css HTTP/1.1" 200 172
::1 - - [20/Dec/2018:16:28:10 +0800] "GET /public/layui/css/layui.css HTTP/1.1" 200 12573
::1 - - [20/Dec/2018:16:28:10 +0800] "GET /public/layui/layui.all.js HTTP/1.1" 200 86503
::1 - - [20/Dec/2018:16:28:10 +0800] "GET /public/layui/css/modules/laydate/default/laydate.css?v=5.0.9 HTTP/1.1" 200 1740
::1 - - [20/Dec/2018:16:28:10 +0800] "GET /public/layui/css/modules/layer/default/layer.css?v=3.1.1 HTTP/1.1" 200 2877
::1 - - [20/Dec/2018:16:28:10 +0800] "GET /public/layui/css/modules/code.css HTTP/1.1" 200 463
::1 - - [20/Dec/2018:16:28:46 +0800] "GET / HTTP/1.1" 200 646
::1 - - [20/Dec/2018:16:28:46 +0800] "GET /public/style/index.css HTTP/1.1" 200 177
::1 - - [20/Dec/2018:16:28:46 +0800] "GET /public/layui/css/layui.css HTTP/1.1" 200 12573
::1 - - [20/Dec/2018:16:28:46 +0800] "GET /public/layui/layui.all.js HTTP/1.1" 200 86503
::1 - - [20/Dec/2018:16:28:46 +0800] "GET /public/layui/css/modules/laydate/default/laydate.css?v=5.0.9 HTTP/1.1" 200 1740
::1 - - [20/Dec/2018:16:28:46 +0800] "GET /public/layui/css/modules/layer/default/layer.css?v=3.1.1 HTTP/1.1" 200 2877
::1 - - [20/Dec/2018:16:28:46 +0800] "GET /public/layui/css/modules/code.css HTTP/1.1" 200 463
::1 - - [20/Dec/2018:16:28:59 +0800] "GET / HTTP/1.1" 200 646
::1 - - [20/Dec/2018:16:28:59 +0800] "GET /public/style/index.css HTTP/1.1" 200 181
::1 - - [20/Dec/2018:16:28:59 +0800] "GET /public/layui/css/layui.css HTTP/1.1" 200 12573
::1 - - [20/Dec/2018:16:28:59 +0800] "GET /public/layui/layui.all.js HTTP/1.1" 200 86503
::1 - - [20/Dec/2018:16:29:00 +0800] "GET /public/layui/css/modules/laydate/default/laydate.css?v=5.0.9 HTTP/1.1" 200 1740
::1 - - [20/Dec/2018:16:29:00 +0800] "GET /public/layui/css/modules/layer/default/layer.css?v=3.1.1 HTTP/1.1" 200 2877
::1 - - [20/Dec/2018:16:29:00 +0800] "GET /public/layui/css/modules/code.css HTTP/1.1" 200 463
::1 - - [20/Dec/2018:16:29:17 +0800] "GET / HTTP/1.1" 200 646
::1 - - [20/Dec/2018:16:29:17 +0800] "GET /public/style/index.css HTTP/1.1" 200 180
::1 - - [20/Dec/2018:16:29:17 +0800] "GET /public/layui/css/layui.css HTTP/1.1" 200 12573
::1 - - [20/Dec/2018:16:29:17 +0800] "GET /public/layui/layui.all.js HTTP/1.1" 200 86503
::1 - - [20/Dec/2018:16:29:18 +0800] "GET /public/layui/css/modules/laydate/default/laydate.css?v=5.0.9 HTTP/1.1" 200 1740
::1 - - [20/Dec/2018:16:29:18 +0800] "GET /public/layui/css/modules/layer/default/layer.css?v=3.1.1 HTTP/1.1" 200 2877
::1 - - [20/Dec/2018:16:29:18 +0800] "GET /public/layui/css/modules/code.css HTTP/1.1" 200 463
::1 - - [20/Dec/2018:16:29:41 +0800] "GET / HTTP/1.1" 200 646
::1 - - [20/Dec/2018:16:29:41 +0800] "GET /public/style/index.css HTTP/1.1" 200 187
::1 - - [20/Dec/2018:16:29:41 +0800] "GET /public/layui/css/layui.css HTTP/1.1" 200 12573
::1 - - [20/Dec/2018:16:29:41 +0800] "GET /public/layui/layui.all.js HTTP/1.1" 200 86503
::1 - - [20/Dec/2018:16:29:41 +0800] "GET /public/layui/css/modules/laydate/default/laydate.css?v=5.0.9 HTTP/1.1" 200 1740
::1 - - [20/Dec/2018:16:29:41 +0800] "GET /public/layui/css/modules/layer/default/layer.css?v=3.1.1 HTTP/1.1" 200 2877
::1 - - [20/Dec/2018:16:29:41 +0800] "GET /public/layui/css/modules/code.css HTTP/1.1" 200 463
::1 - - [20/Dec/2018:16:29:50 +0800] "GET / HTTP/1.1" 200 646
::1 - - [20/Dec/2018:16:29:50 +0800] "GET /public/style/index.css HTTP/1.1" 200 187
::1 - - [20/Dec/2018:16:29:50 +0800] "GET /public/layui/css/layui.css HTTP/1.1" 200 12573
::1 - - [20/Dec/2018:16:29:50 +0800] "GET /public/layui/layui.all.js HTTP/1.1" 200 86503
::1 - - [20/Dec/2018:16:29:50 +0800] "GET /public/layui/css/modules/laydate/default/laydate.css?v=5.0.9 HTTP/1.1" 200 1740
::1 - - [20/Dec/2018:16:29:50 +0800] "GET /public/layui/css/modules/layer/default/layer.css?v=3.1.1 HTTP/1.1" 200 2877
::1 - - [20/Dec/2018:16:29:50 +0800] "GET /public/layui/css/modules/code.css HTTP/1.1" 200 463
::1 - - [20/Dec/2018:16:31:21 +0800] "GET / HTTP/1.1" 200 679
::1 - - [20/Dec/2018:16:31:21 +0800] "GET /public/style/index.css HTTP/1.1" 200 179
::1 - - [20/Dec/2018:16:31:21 +0800] "GET /public/layui/css/layui.css HTTP/1.1" 200 12573
::1 - - [20/Dec/2018:16:31:21 +0800] "GET /public/layui/layui.all.js HTTP/1.1" 200 86503
::1 - - [20/Dec/2018:16:31:21 +0800] "GET /public/layui/css/modules/laydate/default/laydate.css?v=5.0.9 HTTP/1.1" 200 1740
::1 - - [20/Dec/2018:16:31:21 +0800] "GET /public/layui/css/modules/layer/default/layer.css?v=3.1.1 HTTP/1.1" 200 2877
::1 - - [20/Dec/2018:16:31:21 +0800] "GET /public/layui/css/modules/code.css HTTP/1.1" 200 463
::1 - - [20/Dec/2018:16:31:44 +0800] "GET / HTTP/1.1" 200 679
::1 - - [20/Dec/2018:16:31:44 +0800] "GET /public/style/index.css HTTP/1.1" 200 187
::1 - - [20/Dec/2018:16:31:44 +0800] "GET /public/layui/css/layui.css HTTP/1.1" 200 12573
::1 - - [20/Dec/2018:16:31:44 +0800] "GET /public/layui/layui.all.js HTTP/1.1" 200 86503
::1 - - [20/Dec/2018:16:31:44 +0800] "GET /public/layui/css/modules/laydate/default/laydate.css?v=5.0.9 HTTP/1.1" 200 1740
::1 - - [20/Dec/2018:16:31:44 +0800] "GET /public/layui/css/modules/layer/default/layer.css?v=3.1.1 HTTP/1.1" 200 2877
::1 - - [20/Dec/2018:16:31:44 +0800] "GET /public/layui/css/modules/code.css HTTP/1.1" 200 463
::1 - - [20/Dec/2018:16:33:53 +0800] "GET / HTTP/1.1" 200 728
::1 - - [20/Dec/2018:16:33:53 +0800] "GET /public/style/index.css HTTP/1.1" 200 187
::1 - - [20/Dec/2018:16:33:53 +0800] "GET /public/layui/layui.all.js HTTP/1.1" 200 86503
::1 - - [20/Dec/2018:16:33:53 +0800] "GET /public/layui/css/layui.css HTTP/1.1" 200 12573
::1 - - [20/Dec/2018:16:33:53 +0800] "GET /public/layui/css/modules/laydate/default/laydate.css?v=5.0.9 HTTP/1.1" 200 1740
::1 - - [20/Dec/2018:16:33:53 +0800] "GET /public/layui/css/modules/layer/default/layer.css?v=3.1.1 HTTP/1.1" 200 2877
::1 - - [20/Dec/2018:16:33:53 +0800] "GET /public/layui/css/modules/code.css HTTP/1.1" 200 463
::1 - - [20/Dec/2018:16:34:33 +0800] "GET / HTTP/1.1" 200 731
::1 - - [20/Dec/2018:16:34:33 +0800] "GET /public/style/index.css HTTP/1.1" 200 197
::1 - - [20/Dec/2018:16:34:33 +0800] "GET /public/layui/css/layui.css HTTP/1.1" 200 12573
::1 - - [20/Dec/2018:16:34:33 +0800] "GET /public/layui/layui.all.js HTTP/1.1" 200 86503
::1 - - [20/Dec/2018:16:34:33 +0800] "GET /public/layui/css/modules/laydate/default/laydate.css?v=5.0.9 HTTP/1.1" 200 1740
::1 - - [20/Dec/2018:16:34:33 +0800] "GET /public/layui/css/modules/layer/default/layer.css?v=3.1.1 HTTP/1.1" 200 2877
::1 - - [20/Dec/2018:16:34:33 +0800] "GET /public/layui/css/modules/code.css HTTP/1.1" 200 463
::1 - - [20/Dec/2018:16:34:43 +0800] "GET / HTTP/1.1" 200 731
::1 - - [20/Dec/2018:16:34:43 +0800] "GET /public/style/index.css HTTP/1.1" 200 200
::1 - - [20/Dec/2018:16:34:43 +0800] "GET /public/layui/css/layui.css HTTP/1.1" 200 12573
::1 - - [20/Dec/2018:16:34:43 +0800] "GET /public/layui/layui.all.js HTTP/1.1" 200 86503
::1 - - [20/Dec/2018:16:34:44 +0800] "GET /public/layui/css/modules/laydate/default/laydate.css?v=5.0.9 HTTP/1.1" 200 1740
::1 - - [20/Dec/2018:16:34:44 +0800] "GET /public/layui/css/modules/layer/default/layer.css?v=3.1.1 HTTP/1.1" 200 2877
::1 - - [20/Dec/2018:16:34:44 +0800] "GET /public/layui/css/modules/code.css HTTP/1.1" 200 463
::1 - - [20/Dec/2018:16:34:54 +0800] "GET / HTTP/1.1" 200 731
::1 - - [20/Dec/2018:16:34:55 +0800] "GET /public/style/index.css HTTP/1.1" 200 198
::1 - - [20/Dec/2018:16:34:55 +0800] "GET /public/layui/css/layui.css HTTP/1.1" 200 12573
::1 - - [20/Dec/2018:16:34:55 +0800] "GET /public/layui/layui.all.js HTTP/1.1" 200 86503
::1 - - [20/Dec/2018:16:34:55 +0800] "GET /public/layui/css/modules/laydate/default/laydate.css?v=5.0.9 HTTP/1.1" 200 1740
::1 - - [20/Dec/2018:16:34:55 +0800] "GET /public/layui/css/modules/layer/default/layer.css?v=3.1.1 HTTP/1.1" 200 2877
::1 - - [20/Dec/2018:16:34:55 +0800] "GET /public/layui/css/modules/code.css HTTP/1.1" 200 463
::1 - - [20/Dec/2018:16:35:23 +0800] "GET / HTTP/1.1" 200 731
::1 - - [20/Dec/2018:16:35:23 +0800] "GET /public/style/index.css HTTP/1.1" 200 203
::1 - - [20/Dec/2018:16:35:23 +0800] "GET /public/layui/css/layui.css HTTP/1.1" 200 12573
::1 - - [20/Dec/2018:16:35:23 +0800] "GET /public/layui/layui.all.js HTTP/1.1" 200 86503
::1 - - [20/Dec/2018:16:35:23 +0800] "GET /public/layui/css/modules/laydate/default/laydate.css?v=5.0.9 HTTP/1.1" 200 1740
::1 - - [20/Dec/2018:16:35:23 +0800] "GET /public/layui/css/modules/layer/default/layer.css?v=3.1.1 HTTP/1.1" 200 2877
::1 - - [20/Dec/2018:16:35:23 +0800] "GET /public/layui/css/modules/code.css HTTP/1.1" 200 463
::1 - - [20/Dec/2018:16:35:26 +0800] "GET /csdn.html HTTP/1.1" 404 263
::1 - - [20/Dec/2018:16:35:28 +0800] "GET / HTTP/1.1" 200 731
::1 - - [20/Dec/2018:16:35:28 +0800] "GET /public/layui/css/layui.css HTTP/1.1" 200 12573
::1 - - [20/Dec/2018:16:35:28 +0800] "GET /public/style/index.css HTTP/1.1" 200 203
::1 - - [20/Dec/2018:16:35:28 +0800] "GET /public/layui/layui.all.js HTTP/1.1" 200 86503
::1 - - [20/Dec/2018:16:35:28 +0800] "GET /public/layui/css/modules/laydate/default/laydate.css?v=5.0.9 HTTP/1.1" 200 1740
::1 - - [20/Dec/2018:16:35:28 +0800] "GET /public/layui/css/modules/layer/default/layer.css?v=3.1.1 HTTP/1.1" 200 2877
::1 - - [20/Dec/2018:16:35:28 +0800] "GET /public/layui/css/modules/code.css HTTP/1.1" 200 463
::1 - - [20/Dec/2018:16:36:41 +0800] "GET / HTTP/1.1" 200 738
::1 - - [20/Dec/2018:16:36:41 +0800] "GET /public/style/index.css HTTP/1.1" 200 203
::1 - - [20/Dec/2018:16:36:41 +0800] "GET /public/layui/css/layui.css HTTP/1.1" 200 12573
::1 - - [20/Dec/2018:16:36:41 +0800] "GET /public/layui/layui.all.js HTTP/1.1" 200 86503
::1 - - [20/Dec/2018:16:36:41 +0800] "GET /public/layui/css/modules/laydate/default/laydate.css?v=5.0.9 HTTP/1.1" 200 1740
::1 - - [20/Dec/2018:16:36:41 +0800] "GET /public/layui/css/modules/layer/default/layer.css?v=3.1.1 HTTP/1.1" 200 2877
::1 - - [20/Dec/2018:16:36:41 +0800] "GET /public/layui/css/modules/code.css HTTP/1.1" 200 463
::1 - - [20/Dec/2018:16:36:48 +0800] "GET /jianshu.html HTTP/1.1" 404 263
::1 - - [20/Dec/2018:16:36:50 +0800] "GET / HTTP/1.1" 200 738
::1 - - [20/Dec/2018:16:36:50 +0800] "GET /public/style/index.css HTTP/1.1" 200 203
::1 - - [20/Dec/2018:16:36:50 +0800] "GET /public/layui/css/layui.css HTTP/1.1" 200 12573
::1 - - [20/Dec/2018:16:36:50 +0800] "GET /public/layui/layui.all.js HTTP/1.1" 200 86503
::1 - - [20/Dec/2018:16:36:50 +0800] "GET /public/layui/css/modules/laydate/default/laydate.css?v=5.0.9 HTTP/1.1" 200 1740
::1 - - [20/Dec/2018:16:36:50 +0800] "GET /public/layui/css/modules/layer/default/layer.css?v=3.1.1 HTTP/1.1" 200 2877
::1 - - [20/Dec/2018:16:36:50 +0800] "GET /public/layui/css/modules/code.css HTTP/1.1" 200 463
::1 - - [20/Dec/2018:16:37:06 +0800] "GET / HTTP/1.1" 200 738
::1 - - [20/Dec/2018:16:37:06 +0800] "GET /public/style/index.css HTTP/1.1" 200 203
::1 - - [20/Dec/2018:16:37:06 +0800] "GET /public/layui/css/layui.css HTTP/1.1" 200 12573
::1 - - [20/Dec/2018:16:37:07 +0800] "GET /public/layui/layui.all.js HTTP/1.1" 200 86503
::1 - - [20/Dec/2018:16:37:07 +0800] "GET /public/layui/css/modules/laydate/default/laydate.css?v=5.0.9 HTTP/1.1" 200 1740
::1 - - [20/Dec/2018:16:37:07 +0800] "GET /public/layui/css/modules/layer/default/layer.css?v=3.1.1 HTTP/1.1" 200 2877
::1 - - [20/Dec/2018:16:37:07 +0800] "GET /public/layui/css/modules/code.css HTTP/1.1" 200 463
::1 - - [20/Dec/2018:16:40:43 +0800] "GET /wangyi.html HTTP/1.1" 200 424
::1 - - [20/Dec/2018:16:40:43 +0800] "GET /public/style/index.css HTTP/1.1" 200 203
::1 - - [20/Dec/2018:16:40:43 +0800] "GET /public/layui/css/layui.css HTTP/1.1" 200 12573
::1 - - [20/Dec/2018:16:40:59 +0800] "GET /wangyi.html HTTP/1.1" 200 432
::1 - - [20/Dec/2018:16:40:59 +0800] "GET /public/style/index.css HTTP/1.1" 200 203
::1 - - [20/Dec/2018:16:40:59 +0800] "GET /public/layui/css/layui.css HTTP/1.1" 200 12573
::1 - - [20/Dec/2018:16:44:25 +0800] "GET / HTTP/1.1" 200 756
::1 - - [20/Dec/2018:16:44:26 +0800] "GET /public/layui/css/layui.css HTTP/1.1" 200 12573
::1 - - [20/Dec/2018:16:44:26 +0800] "GET /public/style/index.css HTTP/1.1" 200 203
::1 - - [20/Dec/2018:16:44:26 +0800] "GET /public/layui/layui.all.js HTTP/1.1" 200 86503
::1 - - [20/Dec/2018:16:44:26 +0800] "GET /public/layui/css/modules/laydate/default/laydate.css?v=5.0.9 HTTP/1.1" 200 1740
::1 - - [20/Dec/2018:16:44:26 +0800] "GET /public/layui/css/modules/layer/default/layer.css?v=3.1.1 HTTP/1.1" 200 2877
::1 - - [20/Dec/2018:16:44:26 +0800] "GET /public/layui/css/modules/code.css HTTP/1.1" 200 463
::1 - - [20/Dec/2018:16:44:29 +0800] "GET /csdn.html HTTP/1.1" 404 263
::1 - - [20/Dec/2018:16:44:30 +0800] "GET / HTTP/1.1" 200 756
::1 - - [20/Dec/2018:16:44:30 +0800] "GET /public/layui/css/layui.css HTTP/1.1" 200 12573
::1 - - [20/Dec/2018:16:44:30 +0800] "GET /public/style/index.css HTTP/1.1" 200 203
::1 - - [20/Dec/2018:16:44:30 +0800] "GET /public/layui/layui.all.js HTTP/1.1" 200 86503
::1 - - [20/Dec/2018:16:44:30 +0800] "GET /public/layui/css/modules/laydate/default/laydate.css?v=5.0.9 HTTP/1.1" 200 1740
::1 - - [20/Dec/2018:16:44:30 +0800] "GET /public/layui/css/modules/layer/default/layer.css?v=3.1.1 HTTP/1.1" 200 2877
::1 - - [20/Dec/2018:16:44:30 +0800] "GET /public/layui/css/modules/code.css HTTP/1.1" 200 463
::1 - - [20/Dec/2018:16:44:54 +0800] "GET / HTTP/1.1" 200 756
::1 - - [20/Dec/2018:16:44:54 +0800] "GET /public/style/index.css HTTP/1.1" 200 203
::1 - - [20/Dec/2018:16:44:54 +0800] "GET /public/layui/css/layui.css HTTP/1.1" 200 12573
::1 - - [20/Dec/2018:16:44:54 +0800] "GET /public/layui/layui.all.js HTTP/1.1" 200 86503
::1 - - [20/Dec/2018:16:44:54 +0800] "GET /public/layui/css/modules/laydate/default/laydate.css?v=5.0.9 HTTP/1.1" 200 1740
::1 - - [20/Dec/2018:16:44:54 +0800] "GET /public/layui/css/modules/layer/default/layer.css?v=3.1.1 HTTP/1.1" 200 2877
::1 - - [20/Dec/2018:16:44:54 +0800] "GET /public/layui/css/modules/code.css HTTP/1.1" 200 463
::1 - - [20/Dec/2018:16:44:57 +0800] "GET / HTTP/1.1" 200 756
::1 - - [20/Dec/2018:16:44:57 +0800] "GET /public/style/index.css HTTP/1.1" 200 203
::1 - - [20/Dec/2018:16:44:57 +0800] "GET /public/layui/css/layui.css HTTP/1.1" 200 12573
::1 - - [20/Dec/2018:16:44:57 +0800] "GET /public/layui/layui.all.js HTTP/1.1" 200 86503
::1 - - [20/Dec/2018:16:44:57 +0800] "GET /public/layui/css/modules/laydate/default/laydate.css?v=5.0.9 HTTP/1.1" 200 1740
::1 - - [20/Dec/2018:16:44:57 +0800] "GET /public/layui/css/modules/layer/default/layer.css?v=3.1.1 HTTP/1.1" 200 2877
::1 - - [20/Dec/2018:16:44:57 +0800] "GET /public/layui/css/modules/code.css HTTP/1.1" 200 463
::1 - - [20/Dec/2018:16:48:25 +0800] "GET /wangyi.html HTTP/1.1" 200 564
::1 - - [20/Dec/2018:16:48:25 +0800] "GET /public/layui/css/layui.css HTTP/1.1" 200 12573
::1 - - [20/Dec/2018:16:48:25 +0800] "GET /public/style/index.css HTTP/1.1" 200 203
::1 - - [20/Dec/2018:16:49:32 +0800] "GET /wangyi.html HTTP/1.1" 200 636
::1 - - [20/Dec/2018:16:49:32 +0800] "GET /public/style/index.css HTTP/1.1" 200 203
::1 - - [20/Dec/2018:16:49:32 +0800] "GET /public/layui/css/layui.css HTTP/1.1" 200 12573
::1 - - [20/Dec/2018:16:49:32 +0800] "GET /public/layui/layui.all.js HTTP/1.1" 200 86503
::1 - - [20/Dec/2018:16:49:32 +0800] "GET /public/layui/css/modules/laydate/default/laydate.css?v=5.0.9 HTTP/1.1" 200 1740
::1 - - [20/Dec/2018:16:49:33 +0800] "GET /public/layui/css/modules/layer/default/layer.css?v=3.1.1 HTTP/1.1" 200 2877
::1 - - [20/Dec/2018:16:49:33 +0800] "GET /public/layui/css/modules/code.css HTTP/1.1" 200 463
::1 - - [20/Dec/2018:16:50:57 +0800] "GET /wangyi.html HTTP/1.1" 200 694
::1 - - [20/Dec/2018:16:50:57 +0800] "GET /public/style/index.css HTTP/1.1" 200 203
::1 - - [20/Dec/2018:16:50:57 +0800] "GET /public/layui/css/layui.css HTTP/1.1" 200 12573
::1 - - [20/Dec/2018:16:50:57 +0800] "GET /public/layui/layui.all.js HTTP/1.1" 200 86503
::1 - - [20/Dec/2018:16:50:58 +0800] "GET /public/layui/css/modules/laydate/default/laydate.css?v=5.0.9 HTTP/1.1" 200 1740
::1 - - [20/Dec/2018:16:50:58 +0800] "GET /public/layui/css/modules/layer/default/layer.css?v=3.1.1 HTTP/1.1" 200 2877
::1 - - [20/Dec/2018:16:50:58 +0800] "GET /public/layui/css/modules/code.css HTTP/1.1" 200 463
::1 - - [20/Dec/2018:16:51:02 +0800] "GET /wangyi.html HTTP/1.1" 200 694
::1 - - [20/Dec/2018:16:51:02 +0800] "GET /public/layui/layui.all.js HTTP/1.1" 200 86503
::1 - - [20/Dec/2018:16:51:02 +0800] "GET /public/layui/css/layui.css HTTP/1.1" 200 12573
::1 - - [20/Dec/2018:16:51:02 +0800] "GET /public/style/index.css HTTP/1.1" 200 203
::1 - - [20/Dec/2018:16:51:02 +0800] "GET /public/layui/css/modules/laydate/default/laydate.css?v=5.0.9 HTTP/1.1" 200 1740
::1 - - [20/Dec/2018:16:51:02 +0800] "GET /public/layui/css/modules/layer/default/layer.css?v=3.1.1 HTTP/1.1" 200 2877
::1 - - [20/Dec/2018:16:51:02 +0800] "GET /public/layui/css/modules/code.css HTTP/1.1" 200 463
::1 - - [20/Dec/2018:16:51:14 +0800] "GET /wangyi.html HTTP/1.1" 200 708
::1 - - [20/Dec/2018:16:51:14 +0800] "GET /public/style/index.css HTTP/1.1" 200 203
::1 - - [20/Dec/2018:16:51:14 +0800] "GET /public/layui/css/layui.css HTTP/1.1" 200 12573
::1 - - [20/Dec/2018:16:51:14 +0800] "GET /public/layui/layui.all.js HTTP/1.1" 200 86503
::1 - - [20/Dec/2018:16:51:15 +0800] "GET /public/layui/css/modules/laydate/default/laydate.css?v=5.0.9 HTTP/1.1" 200 1740
::1 - - [20/Dec/2018:16:51:15 +0800] "GET /public/layui/css/modules/layer/default/layer.css?v=3.1.1 HTTP/1.1" 200 2877
::1 - - [20/Dec/2018:16:51:15 +0800] "GET /public/layui/css/modules/code.css HTTP/1.1" 200 463
::1 - - [20/Dec/2018:16:57:44 +0800] "GET /wangyi.html HTTP/1.1" 200 773
::1 - - [20/Dec/2018:16:57:44 +0800] "GET /public/layui/css/layui.css HTTP/1.1" 200 12573
::1 - - [20/Dec/2018:16:57:44 +0800] "GET /public/style/index.css HTTP/1.1" 200 203
::1 - - [20/Dec/2018:16:57:45 +0800] "GET /public/layui/layui.all.js HTTP/1.1" 200 86503
::1 - - [20/Dec/2018:16:57:45 +0800] "GET /public/layui/css/modules/laydate/default/laydate.css?v=5.0.9 HTTP/1.1" 200 1740
::1 - - [20/Dec/2018:16:57:45 +0800] "GET /public/layui/css/modules/layer/default/layer.css?v=3.1.1 HTTP/1.1" 200 2877
::1 - - [20/Dec/2018:16:57:45 +0800] "GET /public/layui/css/modules/code.css HTTP/1.1" 200 463
::1 - - [20/Dec/2018:16:57:50 +0800] "GET /wangyi.html HTTP/1.1" 200 773
::1 - - [20/Dec/2018:16:57:51 +0800] "GET /public/style/index.css HTTP/1.1" 200 203
::1 - - [20/Dec/2018:16:57:51 +0800] "GET /public/layui/css/layui.css HTTP/1.1" 200 12573
::1 - - [20/Dec/2018:16:57:51 +0800] "GET /public/layui/layui.all.js HTTP/1.1" 200 86503
::1 - - [20/Dec/2018:16:57:51 +0800] "GET /public/layui/css/modules/laydate/default/laydate.css?v=5.0.9 HTTP/1.1" 200 1740
::1 - - [20/Dec/2018:16:57:51 +0800] "GET /public/layui/css/modules/layer/default/layer.css?v=3.1.1 HTTP/1.1" 200 2877
::1 - - [20/Dec/2018:16:57:51 +0800] "GET /public/layui/css/modules/code.css HTTP/1.1" 200 463
::1 - - [20/Dec/2018:16:59:23 +0800] "GET /wangyi.html HTTP/1.1" 200 815
::1 - - [20/Dec/2018:16:59:23 +0800] "GET /public/style/index.css HTTP/1.1" 200 203
::1 - - [20/Dec/2018:16:59:23 +0800] "GET /public/layui/css/layui.css HTTP/1.1" 200 12573
::1 - - [20/Dec/2018:16:59:23 +0800] "GET /public/layui/layui.all.js HTTP/1.1" 200 86503
::1 - - [20/Dec/2018:16:59:24 +0800] "GET /public/layui/css/modules/laydate/default/laydate.css?v=5.0.9 HTTP/1.1" 200 1740
::1 - - [20/Dec/2018:16:59:24 +0800] "GET /public/layui/css/modules/layer/default/layer.css?v=3.1.1 HTTP/1.1" 200 2877
::1 - - [20/Dec/2018:16:59:24 +0800] "GET /public/layui/css/modules/code.css HTTP/1.1" 200 463
::1 - - [20/Dec/2018:17:00:31 +0800] "GET /wangyi.html HTTP/1.1" 200 820
::1 - - [20/Dec/2018:17:00:31 +0800] "GET /public/style/index.css HTTP/1.1" 200 203
::1 - - [20/Dec/2018:17:00:31 +0800] "GET /public/layui/css/layui.css HTTP/1.1" 200 12573
::1 - - [20/Dec/2018:17:00:31 +0800] "GET /public/layui/layui.all.js HTTP/1.1" 200 86503
::1 - - [20/Dec/2018:17:00:31 +0800] "GET /public/layui/css/modules/laydate/default/laydate.css?v=5.0.9 HTTP/1.1" 200 1740
::1 - - [20/Dec/2018:17:00:31 +0800] "GET /public/layui/css/modules/layer/default/layer.css?v=3.1.1 HTTP/1.1" 200 2877
::1 - - [20/Dec/2018:17:00:31 +0800] "GET /public/layui/css/modules/code.css HTTP/1.1" 200 463
::1 - - [20/Dec/2018:17:03:55 +0800] "GET /wangyi.html HTTP/1.1" 200 1039
::1 - - [20/Dec/2018:17:03:55 +0800] "GET /public/style/index.css HTTP/1.1" 200 203
::1 - - [20/Dec/2018:17:03:55 +0800] "GET /public/layui/css/layui.css HTTP/1.1" 200 12573
::1 - - [20/Dec/2018:17:03:55 +0800] "GET /public/layui/layui.all.js HTTP/1.1" 200 86503
::1 - - [20/Dec/2018:17:03:55 +0800] "GET /public/layui/css/modules/laydate/default/laydate.css?v=5.0.9 HTTP/1.1" 200 1740
::1 - - [20/Dec/2018:17:03:55 +0800] "GET /public/layui/css/modules/layer/default/layer.css?v=3.1.1 HTTP/1.1" 200 2877
::1 - - [20/Dec/2018:17:03:55 +0800] "GET /public/layui/css/modules/code.css HTTP/1.1" 200 463
::1 - - [20/Dec/2018:17:03:56 +0800] "GET /public/layui/font/iconfont.woff?v=240 HTTP/1.1" 200 26744
::1 - - [20/Dec/2018:17:06:34 +0800] "GET /wangyi.html HTTP/1.1" 200 1051
::1 - - [20/Dec/2018:17:06:34 +0800] "GET /public/style/index.css HTTP/1.1" 200 203
::1 - - [20/Dec/2018:17:06:34 +0800] "GET /public/layui/css/layui.css HTTP/1.1" 200 12573
::1 - - [20/Dec/2018:17:06:34 +0800] "GET /public/layui/layui.all.js HTTP/1.1" 200 86503
::1 - - [20/Dec/2018:17:06:34 +0800] "GET /public/layui/css/modules/laydate/default/laydate.css?v=5.0.9 HTTP/1.1" 200 1740
::1 - - [20/Dec/2018:17:06:34 +0800] "GET /public/layui/css/modules/layer/default/layer.css?v=3.1.1 HTTP/1.1" 200 2877
::1 - - [20/Dec/2018:17:06:34 +0800] "GET /public/layui/css/modules/code.css HTTP/1.1" 200 463
::1 - - [20/Dec/2018:17:06:36 +0800] "GET /public/layui/font/iconfont.woff?v=240 HTTP/1.1" 200 26744
